<?xml version="1.0" encoding="UTF-8"?>
<testng-results ignored="0" total="1" passed="1" failed="0" skipped="0">
  <reporter-output>
  </reporter-output>
  <suite started-at="2024-07-19T20:57:54 IST" name="Default suite" finished-at="2024-07-19T20:57:57 IST" duration-ms="3010">
    <groups>
    </groups>
    <test started-at="2024-07-19T20:57:54 IST" name="Default test" finished-at="2024-07-19T20:57:57 IST" duration-ms="3010">
      <class name="GetBookingIds">
        <test-method signature="getBookingIds()[pri:0, instance:GetBookingIds@25fb8912]" started-at="2024-07-19T20:57:54 IST" name="getBookingIds" finished-at="2024-07-19T20:57:57 IST" duration-ms="2961" status="PASS">
          <reporter-output>
          </reporter-output>
        </test-method> <!-- getBookingIds -->
      </class> <!-- GetBookingIds -->
    </test> <!-- Default test -->
  </suite> <!-- Default suite -->
</testng-results>
